<?xml version="1.0" encoding="UTF-8"?>
<!-- Generated by org.testng.reporters.JUnitXMLReporter -->
<testsuite ignored="0" hostname="Sumit" failures="0" tests="4" name="Test" time="0.247" errors="0" timestamp="2022-11-05T13:45:23 IST">
  <testcase classname="scripts.test0" name="tc" time="0.041"/>
  <testcase classname="scripts.test1" name="tc1" time="0.002"/>
  <testcase classname="scripts.test2" name="tc2" time="0.005"/>
  <testcase classname="scripts.test3" name="tc3" time="0.002"/>
</testsuite> <!-- Test -->
