<?xml version="1.0" encoding="UTF-8"?>
<testng-results ignored="0" total="4" passed="4" failed="0" skipped="0">
  <reporter-output>
    <line>
      <![CDATA[hello java]]>
    </line>
    <line>
      <![CDATA[hello selenium]]>
    </line>
    <line>
      <![CDATA[hello phyton]]>
    </line>
    <line>
      <![CDATA[hello Api]]>
    </line>
  </reporter-output>
  <suite started-at="2022-11-05T13:45:23 IST" name="Suite" finished-at="2022-11-05T13:45:23 IST" duration-ms="247">
    <groups>
    </groups>
    <test started-at="2022-11-05T13:45:23 IST" name="Test" finished-at="2022-11-05T13:45:23 IST" duration-ms="247">
      <class name="scripts.test0">
        <test-method signature="tc()[pri:0, instance:scripts.test0@3aefe5e5]" started-at="2022-11-05T13:45:23 IST" name="tc" finished-at="2022-11-05T13:45:23 IST" duration-ms="41" status="PASS">
          <reporter-output>
            <line>
              <![CDATA[hello java]]>
            </line>
          </reporter-output>
        </test-method> <!-- tc -->
      </class> <!-- scripts.test0 -->
      <class name="scripts.test1">
        <test-method signature="tc1()[pri:0, instance:scripts.test1@35047d03]" started-at="2022-11-05T13:45:23 IST" name="tc1" finished-at="2022-11-05T13:45:23 IST" duration-ms="2" status="PASS">
          <reporter-output>
            <line>
              <![CDATA[hello selenium]]>
            </line>
          </reporter-output>
        </test-method> <!-- tc1 -->
      </class> <!-- scripts.test1 -->
      <class name="scripts.test2">
        <test-method signature="tc2()[pri:0, instance:scripts.test2@49b0b76]" started-at="2022-11-05T13:45:23 IST" name="tc2" finished-at="2022-11-05T13:45:23 IST" duration-ms="5" status="PASS">
          <reporter-output>
            <line>
              <![CDATA[hello phyton]]>
            </line>
          </reporter-output>
        </test-method> <!-- tc2 -->
      </class> <!-- scripts.test2 -->
      <class name="scripts.test3">
        <test-method signature="tc3()[pri:0, instance:scripts.test3@769f71a9]" started-at="2022-11-05T13:45:23 IST" name="tc3" finished-at="2022-11-05T13:45:23 IST" duration-ms="2" status="PASS">
          <reporter-output>
            <line>
              <![CDATA[hello Api]]>
            </line>
          </reporter-output>
        </test-method> <!-- tc3 -->
      </class> <!-- scripts.test3 -->
    </test> <!-- Test -->
  </suite> <!-- Suite -->
</testng-results>
